30471:C 13 Jul 11:44:11.675 # oO0OoO0OoO0Oo Redis is starting oO0OoO0OoO0Oo
30471:C 13 Jul 11:44:11.675 # Redis version=4.0.9, bits=64, commit=00000000, modified=0, pid=30471, just started
30471:C 13 Jul 11:44:11.675 # Configuration loaded
30474:S 13 Jul 11:44:11.677 * Increased maximum number of open files to 4096 (it was originally set to 1024).
30474:S 13 Jul 11:44:11.679 * Running mode=standalone, port=6380.
30474:S 13 Jul 11:44:11.679 # WARNING: The TCP backlog setting of 511 cannot be enforced because /proc/sys/net/core/somaxconn is set to the lower value of 128.
30474:S 13 Jul 11:44:11.679 # Server initialized
30474:S 13 Jul 11:44:11.679 # WARNING overcommit_memory is set to 0! Background save may fail under low memory condition. To fix this issue add 'vm.overcommit_memory = 1' to /etc/sysctl.conf and then reboot or run the command 'sysctl vm.overcommit_memory=1' for this to take effect.
30474:S 13 Jul 11:44:11.679 # WARNING you have Transparent Huge Pages (THP) support enabled in your kernel. This will create latency and memory usage issues with Redis. To fix this issue run the command 'echo never > /sys/kernel/mm/transparent_hugepage/enabled' as root, and add it to your /etc/rc.local in order to retain the setting after a reboot. Redis must be restarted after THP is disabled.
30474:S 13 Jul 11:44:11.679 . Unrecognized RDB AUX field: 'redis-ver'
30474:S 13 Jul 11:44:11.679 . Unrecognized RDB AUX field: 'redis-bits'
30474:S 13 Jul 11:44:11.679 . Unrecognized RDB AUX field: 'ctime'
30474:S 13 Jul 11:44:11.679 . Unrecognized RDB AUX field: 'used-mem'
30474:S 13 Jul 11:44:11.679 . Unrecognized RDB AUX field: 'aof-preamble'
30474:S 13 Jul 11:44:11.679 * DB loaded from disk: 0.000 seconds
30474:S 13 Jul 11:44:11.679 * Before turning into a slave, using my master parameters to synthesize a cached master: I may be able to synchronize with the new master with just a partial transfer.
30474:S 13 Jul 11:44:11.679 * Ready to accept connections
30474:S 13 Jul 11:44:11.679 - 0 clients connected (0 slaves), 496176 bytes in use
30474:S 13 Jul 11:44:11.679 * Connecting to MASTER 127.0.0.1:6381
30474:S 13 Jul 11:44:11.680 * MASTER <-> SLAVE sync started
30474:S 13 Jul 11:44:11.680 # Error condition on socket for SYNC: Connection refused
30474:S 13 Jul 11:44:12.682 * Connecting to MASTER 127.0.0.1:6381
30474:S 13 Jul 11:44:12.682 * MASTER <-> SLAVE sync started
30474:S 13 Jul 11:44:12.682 # Error condition on socket for SYNC: Connection refused
30474:S 13 Jul 11:44:13.684 * Connecting to MASTER 127.0.0.1:6381
30474:S 13 Jul 11:44:13.685 * MASTER <-> SLAVE sync started
30474:S 13 Jul 11:44:13.685 # Error condition on socket for SYNC: Connection refused
30474:S 13 Jul 11:44:14.687 * Connecting to MASTER 127.0.0.1:6381
30474:S 13 Jul 11:44:14.687 * MASTER <-> SLAVE sync started
30474:S 13 Jul 11:44:14.687 # Error condition on socket for SYNC: Connection refused
30474:S 13 Jul 11:44:15.690 * Connecting to MASTER 127.0.0.1:6381
30474:S 13 Jul 11:44:15.690 * MASTER <-> SLAVE sync started
30474:S 13 Jul 11:44:15.690 # Error condition on socket for SYNC: Connection refused
30474:S 13 Jul 11:44:16.693 - 0 clients connected (0 slaves), 496176 bytes in use
30474:S 13 Jul 11:44:16.693 * Connecting to MASTER 127.0.0.1:6381
30474:S 13 Jul 11:44:16.693 * MASTER <-> SLAVE sync started
30474:S 13 Jul 11:44:16.693 # Error condition on socket for SYNC: Connection refused
30474:S 13 Jul 11:44:17.695 * Connecting to MASTER 127.0.0.1:6381
30474:S 13 Jul 11:44:17.695 * MASTER <-> SLAVE sync started
30474:S 13 Jul 11:44:17.695 # Error condition on socket for SYNC: Connection refused
30474:S 13 Jul 11:44:18.698 * Connecting to MASTER 127.0.0.1:6381
30474:S 13 Jul 11:44:18.698 * MASTER <-> SLAVE sync started
30474:S 13 Jul 11:44:18.698 # Error condition on socket for SYNC: Connection refused
30474:S 13 Jul 11:44:19.701 * Connecting to MASTER 127.0.0.1:6381
30474:S 13 Jul 11:44:19.701 * MASTER <-> SLAVE sync started
30474:S 13 Jul 11:44:19.701 # Error condition on socket for SYNC: Connection refused
30474:S 13 Jul 11:44:20.703 * Connecting to MASTER 127.0.0.1:6381
30474:S 13 Jul 11:44:20.703 * MASTER <-> SLAVE sync started
30474:S 13 Jul 11:44:20.703 # Error condition on socket for SYNC: Connection refused
30474:S 13 Jul 11:44:21.705 - 0 clients connected (0 slaves), 496176 bytes in use
30474:S 13 Jul 11:44:21.705 * Connecting to MASTER 127.0.0.1:6381
30474:S 13 Jul 11:44:21.706 * MASTER <-> SLAVE sync started
30474:S 13 Jul 11:44:21.706 # Error condition on socket for SYNC: Connection refused
30474:S 13 Jul 11:44:22.708 * Connecting to MASTER 127.0.0.1:6381
30474:S 13 Jul 11:44:22.708 * MASTER <-> SLAVE sync started
30474:S 13 Jul 11:44:22.708 # Error condition on socket for SYNC: Connection refused
30474:S 13 Jul 11:44:23.711 * Connecting to MASTER 127.0.0.1:6381
30474:S 13 Jul 11:44:23.711 * MASTER <-> SLAVE sync started
30474:S 13 Jul 11:44:23.711 # Error condition on socket for SYNC: Connection refused
30474:S 13 Jul 11:44:24.714 * Connecting to MASTER 127.0.0.1:6381
30474:S 13 Jul 11:44:24.714 * MASTER <-> SLAVE sync started
30474:S 13 Jul 11:44:24.714 # Error condition on socket for SYNC: Connection refused
30474:S 13 Jul 11:44:25.716 * Connecting to MASTER 127.0.0.1:6381
30474:S 13 Jul 11:44:25.716 * MASTER <-> SLAVE sync started
30474:S 13 Jul 11:44:25.716 # Error condition on socket for SYNC: Connection refused
30474:S 13 Jul 11:44:26.719 - 0 clients connected (0 slaves), 496176 bytes in use
30474:S 13 Jul 11:44:26.719 * Connecting to MASTER 127.0.0.1:6381
30474:S 13 Jul 11:44:26.719 * MASTER <-> SLAVE sync started
30474:S 13 Jul 11:44:26.719 # Error condition on socket for SYNC: Connection refused
30474:S 13 Jul 11:44:27.721 * Connecting to MASTER 127.0.0.1:6381
30474:S 13 Jul 11:44:27.721 * MASTER <-> SLAVE sync started
30474:S 13 Jul 11:44:27.721 # Error condition on socket for SYNC: Connection refused
30474:S 13 Jul 11:44:28.723 * Connecting to MASTER 127.0.0.1:6381
30474:S 13 Jul 11:44:28.723 * MASTER <-> SLAVE sync started
30474:S 13 Jul 11:44:28.723 # Error condition on socket for SYNC: Connection refused
30474:S 13 Jul 11:44:29.725 * Connecting to MASTER 127.0.0.1:6381
30474:S 13 Jul 11:44:29.725 * MASTER <-> SLAVE sync started
30474:S 13 Jul 11:44:29.725 # Error condition on socket for SYNC: Connection refused
30474:S 13 Jul 11:44:30.728 * Connecting to MASTER 127.0.0.1:6381
30474:S 13 Jul 11:44:30.728 * MASTER <-> SLAVE sync started
30474:S 13 Jul 11:44:30.728 # Error condition on socket for SYNC: Connection refused
30474:S 13 Jul 11:44:31.730 - 0 clients connected (0 slaves), 496176 bytes in use
30474:S 13 Jul 11:44:31.730 * Connecting to MASTER 127.0.0.1:6381
30474:S 13 Jul 11:44:31.731 * MASTER <-> SLAVE sync started
30474:S 13 Jul 11:44:31.731 # Error condition on socket for SYNC: Connection refused
30474:S 13 Jul 11:44:32.733 * Connecting to MASTER 127.0.0.1:6381
30474:S 13 Jul 11:44:32.733 * MASTER <-> SLAVE sync started
30474:S 13 Jul 11:44:32.733 # Error condition on socket for SYNC: Connection refused
30474:S 13 Jul 11:44:33.736 * Connecting to MASTER 127.0.0.1:6381
30474:S 13 Jul 11:44:33.736 * MASTER <-> SLAVE sync started
30474:S 13 Jul 11:44:33.736 # Error condition on socket for SYNC: Connection refused
30474:S 13 Jul 11:44:34.739 * Connecting to MASTER 127.0.0.1:6381
30474:S 13 Jul 11:44:34.739 * MASTER <-> SLAVE sync started
30474:S 13 Jul 11:44:34.739 # Error condition on socket for SYNC: Connection refused
30474:S 13 Jul 11:44:35.742 * Connecting to MASTER 127.0.0.1:6381
30474:S 13 Jul 11:44:35.742 * MASTER <-> SLAVE sync started
30474:S 13 Jul 11:44:35.742 # Error condition on socket for SYNC: Connection refused
30474:S 13 Jul 11:44:36.745 - 0 clients connected (0 slaves), 496176 bytes in use
30474:S 13 Jul 11:44:36.745 * Connecting to MASTER 127.0.0.1:6381
30474:S 13 Jul 11:44:36.745 * MASTER <-> SLAVE sync started
30474:S 13 Jul 11:44:36.745 # Error condition on socket for SYNC: Connection refused
30474:S 13 Jul 11:44:37.748 * Connecting to MASTER 127.0.0.1:6381
30474:S 13 Jul 11:44:37.748 * MASTER <-> SLAVE sync started
30474:S 13 Jul 11:44:37.748 # Error condition on socket for SYNC: Connection refused
30474:S 13 Jul 11:44:38.750 * Connecting to MASTER 127.0.0.1:6381
30474:S 13 Jul 11:44:38.750 * MASTER <-> SLAVE sync started
30474:S 13 Jul 11:44:38.751 # Error condition on socket for SYNC: Connection refused
30474:S 13 Jul 11:44:39.753 * Connecting to MASTER 127.0.0.1:6381
30474:S 13 Jul 11:44:39.753 * MASTER <-> SLAVE sync started
30474:S 13 Jul 11:44:39.753 # Error condition on socket for SYNC: Connection refused
30474:signal-handler (1531453480) Received SIGTERM scheduling shutdown...
30474:S 13 Jul 11:44:40.154 # User requested shutdown...
30474:S 13 Jul 11:44:40.154 * Removing the pid file.
30474:S 13 Jul 11:44:40.154 # Redis is now ready to exit, bye bye...
31651:C 13 Jul 11:44:42.304 # oO0OoO0OoO0Oo Redis is starting oO0OoO0OoO0Oo
31651:C 13 Jul 11:44:42.304 # Redis version=4.0.9, bits=64, commit=00000000, modified=0, pid=31651, just started
31651:C 13 Jul 11:44:42.304 # Configuration loaded
31659:S 13 Jul 11:44:42.307 * Increased maximum number of open files to 4096 (it was originally set to 1024).
31659:S 13 Jul 11:44:42.308 * Running mode=standalone, port=6380.
31659:S 13 Jul 11:44:42.308 # WARNING: The TCP backlog setting of 511 cannot be enforced because /proc/sys/net/core/somaxconn is set to the lower value of 128.
31659:S 13 Jul 11:44:42.308 # Server initialized
31659:S 13 Jul 11:44:42.308 # WARNING overcommit_memory is set to 0! Background save may fail under low memory condition. To fix this issue add 'vm.overcommit_memory = 1' to /etc/sysctl.conf and then reboot or run the command 'sysctl vm.overcommit_memory=1' for this to take effect.
31659:S 13 Jul 11:44:42.308 # WARNING you have Transparent Huge Pages (THP) support enabled in your kernel. This will create latency and memory usage issues with Redis. To fix this issue run the command 'echo never > /sys/kernel/mm/transparent_hugepage/enabled' as root, and add it to your /etc/rc.local in order to retain the setting after a reboot. Redis must be restarted after THP is disabled.
31659:S 13 Jul 11:44:42.308 . Unrecognized RDB AUX field: 'redis-ver'
31659:S 13 Jul 11:44:42.308 . Unrecognized RDB AUX field: 'redis-bits'
31659:S 13 Jul 11:44:42.308 . Unrecognized RDB AUX field: 'ctime'
31659:S 13 Jul 11:44:42.308 . Unrecognized RDB AUX field: 'used-mem'
31659:S 13 Jul 11:44:42.308 . Unrecognized RDB AUX field: 'aof-preamble'
31659:S 13 Jul 11:44:42.308 * DB loaded from disk: 0.000 seconds
31659:S 13 Jul 11:44:42.309 * Before turning into a slave, using my master parameters to synthesize a cached master: I may be able to synchronize with the new master with just a partial transfer.
31659:S 13 Jul 11:44:42.309 * Ready to accept connections
31659:S 13 Jul 11:44:42.309 - 0 clients connected (0 slaves), 496176 bytes in use
31659:S 13 Jul 11:44:42.309 * Connecting to MASTER 127.0.0.1:6381
31659:S 13 Jul 11:44:42.309 * MASTER <-> SLAVE sync started
31659:S 13 Jul 11:44:42.309 # Error condition on socket for SYNC: Connection refused
31659:S 13 Jul 11:44:42.353 - Accepted 127.0.0.1:57390
31659:S 13 Jul 11:44:42.353 - Accepted 127.0.0.1:57392
31659:S 13 Jul 11:44:42.353 - Accepted 127.0.0.1:57422
31659:S 13 Jul 11:44:42.353 - Accepted 127.0.0.1:57424
31659:S 13 Jul 11:44:42.356 - Accepted 127.0.0.1:57446
31659:S 13 Jul 11:44:42.356 - Accepted 127.0.0.1:57448
31659:S 13 Jul 11:44:43.311 * Connecting to MASTER 127.0.0.1:6381
31659:S 13 Jul 11:44:43.311 * MASTER <-> SLAVE sync started
31659:S 13 Jul 11:44:43.311 * Non blocking connect for SYNC fired the event.
31659:S 13 Jul 11:44:43.312 * Master replied to PING, replication can continue...
31659:S 13 Jul 11:44:43.312 * Trying a partial resynchronization (request ca339e621bed444ea32c9840b6ca98666e76b9a4:1).
31659:S 13 Jul 11:44:43.313 * Full resync from master: 251e3c43d4b7a87a17d26d399241e16475f0b869:0
31659:S 13 Jul 11:44:43.313 * Discarding previously cached master state.
31659:S 13 Jul 11:44:43.417 * MASTER <-> SLAVE sync: receiving 175 bytes from master
31659:S 13 Jul 11:44:43.417 * MASTER <-> SLAVE sync: Flushing old data
31659:S 13 Jul 11:44:43.417 * MASTER <-> SLAVE sync: Loading DB in memory
31659:S 13 Jul 11:44:43.417 . Unrecognized RDB AUX field: 'redis-ver'
31659:S 13 Jul 11:44:43.417 . Unrecognized RDB AUX field: 'redis-bits'
31659:S 13 Jul 11:44:43.417 . Unrecognized RDB AUX field: 'ctime'
31659:S 13 Jul 11:44:43.418 . Unrecognized RDB AUX field: 'used-mem'
31659:S 13 Jul 11:44:43.418 . Unrecognized RDB AUX field: 'aof-preamble'
31659:S 13 Jul 11:44:43.418 * MASTER <-> SLAVE sync: Finished with success
31659:S 13 Jul 11:44:47.320 - 7 clients connected (0 slaves), 1670192 bytes in use
31659:S 13 Jul 11:44:52.332 - 7 clients connected (0 slaves), 1670192 bytes in use
31659:S 13 Jul 11:44:57.342 - 7 clients connected (0 slaves), 1670192 bytes in use
31659:S 13 Jul 11:45:02.352 - 7 clients connected (0 slaves), 1707048 bytes in use
31659:S 13 Jul 11:45:07.361 - 7 clients connected (0 slaves), 1707096 bytes in use
31659:S 13 Jul 11:45:12.373 - 7 clients connected (0 slaves), 1670192 bytes in use
31659:S 13 Jul 11:45:17.382 - 7 clients connected (0 slaves), 1670264 bytes in use
31659:S 13 Jul 11:45:22.395 - 7 clients connected (0 slaves), 1670192 bytes in use
31659:S 13 Jul 11:45:27.409 - 7 clients connected (0 slaves), 1670264 bytes in use
31659:S 13 Jul 11:45:32.420 - 7 clients connected (0 slaves), 1780736 bytes in use
31659:S 13 Jul 11:45:37.431 - 7 clients connected (0 slaves), 1743928 bytes in use
31659:S 13 Jul 11:45:42.444 - 7 clients connected (0 slaves), 1743904 bytes in use
31659:S 13 Jul 11:45:47.456 - 7 clients connected (0 slaves), 1670192 bytes in use
31659:S 13 Jul 11:45:52.468 - 7 clients connected (0 slaves), 1707072 bytes in use
31659:S 13 Jul 11:45:57.480 - 7 clients connected (0 slaves), 1707048 bytes in use
31659:S 13 Jul 11:46:02.493 - 7 clients connected (0 slaves), 1707072 bytes in use
31659:S 13 Jul 11:46:07.507 - 7 clients connected (0 slaves), 1670216 bytes in use
31659:signal-handler (1531453569) Received SIGTERM scheduling shutdown...
31659:S 13 Jul 11:46:09.511 # User requested shutdown...
31659:S 13 Jul 11:46:09.511 * Removing the pid file.
31659:S 13 Jul 11:46:09.512 # Redis is now ready to exit, bye bye...
12690:C 13 Jul 11:53:02.001 # oO0OoO0OoO0Oo Redis is starting oO0OoO0OoO0Oo
12690:C 13 Jul 11:53:02.001 # Redis version=4.0.9, bits=64, commit=00000000, modified=0, pid=12690, just started
12690:C 13 Jul 11:53:02.001 # Configuration loaded
12694:S 13 Jul 11:53:02.004 * Increased maximum number of open files to 4096 (it was originally set to 1024).
12694:S 13 Jul 11:53:02.005 * Running mode=standalone, port=6380.
12694:S 13 Jul 11:53:02.005 # WARNING: The TCP backlog setting of 511 cannot be enforced because /proc/sys/net/core/somaxconn is set to the lower value of 128.
12694:S 13 Jul 11:53:02.005 # Server initialized
12694:S 13 Jul 11:53:02.005 # WARNING overcommit_memory is set to 0! Background save may fail under low memory condition. To fix this issue add 'vm.overcommit_memory = 1' to /etc/sysctl.conf and then reboot or run the command 'sysctl vm.overcommit_memory=1' for this to take effect.
12694:S 13 Jul 11:53:02.005 # WARNING you have Transparent Huge Pages (THP) support enabled in your kernel. This will create latency and memory usage issues with Redis. To fix this issue run the command 'echo never > /sys/kernel/mm/transparent_hugepage/enabled' as root, and add it to your /etc/rc.local in order to retain the setting after a reboot. Redis must be restarted after THP is disabled.
12694:S 13 Jul 11:53:02.005 . Unrecognized RDB AUX field: 'redis-ver'
12694:S 13 Jul 11:53:02.005 . Unrecognized RDB AUX field: 'redis-bits'
12694:S 13 Jul 11:53:02.005 . Unrecognized RDB AUX field: 'ctime'
12694:S 13 Jul 11:53:02.006 . Unrecognized RDB AUX field: 'used-mem'
12694:S 13 Jul 11:53:02.006 . Unrecognized RDB AUX field: 'aof-preamble'
12694:S 13 Jul 11:53:02.006 * DB loaded from disk: 0.000 seconds
12694:S 13 Jul 11:53:02.006 * Before turning into a slave, using my master parameters to synthesize a cached master: I may be able to synchronize with the new master with just a partial transfer.
12694:S 13 Jul 11:53:02.006 * Ready to accept connections
12694:S 13 Jul 11:53:02.006 - 0 clients connected (0 slaves), 496176 bytes in use
12694:S 13 Jul 11:53:02.006 * Connecting to MASTER 127.0.0.1:6381
12694:S 13 Jul 11:53:02.006 * MASTER <-> SLAVE sync started
12694:S 13 Jul 11:53:02.006 # Error condition on socket for SYNC: Connection refused
12694:S 13 Jul 11:53:02.045 - Accepted 127.0.0.1:57586
12694:S 13 Jul 11:53:02.045 - Accepted 127.0.0.1:57588
12694:S 13 Jul 11:53:02.049 - Accepted 127.0.0.1:57618
12694:S 13 Jul 11:53:02.049 - Accepted 127.0.0.1:57620
12694:S 13 Jul 11:53:02.051 - Accepted 127.0.0.1:57630
12694:S 13 Jul 11:53:02.051 - Accepted 127.0.0.1:57632
12694:S 13 Jul 11:53:03.008 * Connecting to MASTER 127.0.0.1:6381
12694:S 13 Jul 11:53:03.009 * MASTER <-> SLAVE sync started
12694:S 13 Jul 11:53:03.009 * Non blocking connect for SYNC fired the event.
12694:S 13 Jul 11:53:03.009 * Master replied to PING, replication can continue...
12694:S 13 Jul 11:53:03.009 * Trying a partial resynchronization (request 251e3c43d4b7a87a17d26d399241e16475f0b869:1).
12694:S 13 Jul 11:53:03.010 * Full resync from master: 9c3dea3fa41e60be68b5b3a535d3c3c26198c05e:0
12694:S 13 Jul 11:53:03.010 * Discarding previously cached master state.
12694:S 13 Jul 11:53:03.115 * MASTER <-> SLAVE sync: receiving 175 bytes from master
12694:S 13 Jul 11:53:03.116 * MASTER <-> SLAVE sync: Flushing old data
12694:S 13 Jul 11:53:03.116 * MASTER <-> SLAVE sync: Loading DB in memory
12694:S 13 Jul 11:53:03.116 . Unrecognized RDB AUX field: 'redis-ver'
12694:S 13 Jul 11:53:03.116 . Unrecognized RDB AUX field: 'redis-bits'
12694:S 13 Jul 11:53:03.116 . Unrecognized RDB AUX field: 'ctime'
12694:S 13 Jul 11:53:03.116 . Unrecognized RDB AUX field: 'used-mem'
12694:S 13 Jul 11:53:03.116 . Unrecognized RDB AUX field: 'aof-preamble'
12694:S 13 Jul 11:53:03.116 * MASTER <-> SLAVE sync: Finished with success
12694:S 13 Jul 11:53:07.016 - 7 clients connected (0 slaves), 1670192 bytes in use
12694:S 13 Jul 11:53:12.024 - 7 clients connected (0 slaves), 1670192 bytes in use
12694:signal-handler (1531453996) Received SIGTERM scheduling shutdown...
12694:S 13 Jul 11:53:16.231 # User requested shutdown...
12694:S 13 Jul 11:53:16.231 * Removing the pid file.
12694:S 13 Jul 11:53:16.232 # Redis is now ready to exit, bye bye...
2378:C 13 Jul 13:02:35.844 # oO0OoO0OoO0Oo Redis is starting oO0OoO0OoO0Oo
2378:C 13 Jul 13:02:35.844 # Redis version=4.0.9, bits=64, commit=00000000, modified=0, pid=2378, just started
2378:C 13 Jul 13:02:35.844 # Configuration loaded
2385:S 13 Jul 13:02:35.846 * Increased maximum number of open files to 4096 (it was originally set to 1024).
2385:S 13 Jul 13:02:35.848 * Running mode=standalone, port=6380.
2385:S 13 Jul 13:02:35.848 # WARNING: The TCP backlog setting of 511 cannot be enforced because /proc/sys/net/core/somaxconn is set to the lower value of 128.
2385:S 13 Jul 13:02:35.848 # Server initialized
2385:S 13 Jul 13:02:35.848 # WARNING overcommit_memory is set to 0! Background save may fail under low memory condition. To fix this issue add 'vm.overcommit_memory = 1' to /etc/sysctl.conf and then reboot or run the command 'sysctl vm.overcommit_memory=1' for this to take effect.
2385:S 13 Jul 13:02:35.848 # WARNING you have Transparent Huge Pages (THP) support enabled in your kernel. This will create latency and memory usage issues with Redis. To fix this issue run the command 'echo never > /sys/kernel/mm/transparent_hugepage/enabled' as root, and add it to your /etc/rc.local in order to retain the setting after a reboot. Redis must be restarted after THP is disabled.
2385:S 13 Jul 13:02:35.848 . Unrecognized RDB AUX field: 'redis-ver'
2385:S 13 Jul 13:02:35.848 . Unrecognized RDB AUX field: 'redis-bits'
2385:S 13 Jul 13:02:35.848 . Unrecognized RDB AUX field: 'ctime'
2385:S 13 Jul 13:02:35.848 . Unrecognized RDB AUX field: 'used-mem'
2385:S 13 Jul 13:02:35.848 . Unrecognized RDB AUX field: 'aof-preamble'
2385:S 13 Jul 13:02:35.848 * DB loaded from disk: 0.000 seconds
2385:S 13 Jul 13:02:35.848 * Before turning into a slave, using my master parameters to synthesize a cached master: I may be able to synchronize with the new master with just a partial transfer.
2385:S 13 Jul 13:02:35.848 * Ready to accept connections
2385:S 13 Jul 13:02:35.848 - 0 clients connected (0 slaves), 496176 bytes in use
2385:S 13 Jul 13:02:35.848 * Connecting to MASTER 127.0.0.1:6381
2385:S 13 Jul 13:02:35.849 * MASTER <-> SLAVE sync started
2385:S 13 Jul 13:02:35.849 # Error condition on socket for SYNC: Connection refused
2385:S 13 Jul 13:02:35.888 - Accepted 127.0.0.1:58622
2385:S 13 Jul 13:02:35.888 - Accepted 127.0.0.1:58624
2385:S 13 Jul 13:02:35.891 - Accepted 127.0.0.1:58670
2385:S 13 Jul 13:02:35.891 - Accepted 127.0.0.1:58672
2385:S 13 Jul 13:02:35.891 - Accepted 127.0.0.1:58682
2385:S 13 Jul 13:02:35.891 - Accepted 127.0.0.1:58684
2385:S 13 Jul 13:02:36.851 * Connecting to MASTER 127.0.0.1:6381
2385:S 13 Jul 13:02:36.852 * MASTER <-> SLAVE sync started
2385:S 13 Jul 13:02:36.852 * Non blocking connect for SYNC fired the event.
2385:S 13 Jul 13:02:36.852 * Master replied to PING, replication can continue...
2385:S 13 Jul 13:02:36.852 * Trying a partial resynchronization (request 9c3dea3fa41e60be68b5b3a535d3c3c26198c05e:1).
2385:S 13 Jul 13:02:36.853 * Full resync from master: 3834a5caafe2d144e8ebd16da704ace585f9fbf7:0
2385:S 13 Jul 13:02:36.853 * Discarding previously cached master state.
2385:S 13 Jul 13:02:36.956 * MASTER <-> SLAVE sync: receiving 175 bytes from master
2385:S 13 Jul 13:02:36.956 * MASTER <-> SLAVE sync: Flushing old data
2385:S 13 Jul 13:02:36.956 * MASTER <-> SLAVE sync: Loading DB in memory
2385:S 13 Jul 13:02:36.956 . Unrecognized RDB AUX field: 'redis-ver'
2385:S 13 Jul 13:02:36.956 . Unrecognized RDB AUX field: 'redis-bits'
2385:S 13 Jul 13:02:36.956 . Unrecognized RDB AUX field: 'ctime'
2385:S 13 Jul 13:02:36.956 . Unrecognized RDB AUX field: 'used-mem'
2385:S 13 Jul 13:02:36.957 . Unrecognized RDB AUX field: 'aof-preamble'
2385:S 13 Jul 13:02:36.957 * MASTER <-> SLAVE sync: Finished with success
2385:S 13 Jul 13:02:40.860 - 7 clients connected (0 slaves), 1670216 bytes in use
2385:signal-handler (1531458162) Received SIGTERM scheduling shutdown...
2385:S 13 Jul 13:02:42.964 # User requested shutdown...
2385:S 13 Jul 13:02:42.965 * Removing the pid file.
2385:S 13 Jul 13:02:42.965 # Redis is now ready to exit, bye bye...
