31682:C 13 Jul 11:44:42.321 # oO0OoO0OoO0Oo Redis is starting oO0OoO0OoO0Oo
31682:C 13 Jul 11:44:42.322 # Redis version=4.0.9, bits=64, commit=00000000, modified=0, pid=31682, just started
31682:C 13 Jul 11:44:42.322 # Configuration loaded
31686:S 13 Jul 11:44:42.323 # You requested maxclients of 10000 requiring at least 10032 max file descriptors.
31686:S 13 Jul 11:44:42.323 # Server can't set maximum open files to 10032 because of OS error: Operation not permitted.
31686:S 13 Jul 11:44:42.323 # Current maximum open files is 4096. maxclients has been reduced to 4064 to compensate for low ulimit. If you need higher maxclients increase 'ulimit -n'.
31686:S 13 Jul 11:44:42.324 * Running mode=standalone, port=6384.
31686:S 13 Jul 11:44:42.324 # WARNING: The TCP backlog setting of 511 cannot be enforced because /proc/sys/net/core/somaxconn is set to the lower value of 128.
31686:S 13 Jul 11:44:42.324 # Server initialized
31686:S 13 Jul 11:44:42.324 # WARNING overcommit_memory is set to 0! Background save may fail under low memory condition. To fix this issue add 'vm.overcommit_memory = 1' to /etc/sysctl.conf and then reboot or run the command 'sysctl vm.overcommit_memory=1' for this to take effect.
31686:S 13 Jul 11:44:42.324 # WARNING you have Transparent Huge Pages (THP) support enabled in your kernel. This will create latency and memory usage issues with Redis. To fix this issue run the command 'echo never > /sys/kernel/mm/transparent_hugepage/enabled' as root, and add it to your /etc/rc.local in order to retain the setting after a reboot. Redis must be restarted after THP is disabled.
31686:S 13 Jul 11:44:42.324 . Unrecognized RDB AUX field: 'redis-ver'
31686:S 13 Jul 11:44:42.324 . Unrecognized RDB AUX field: 'redis-bits'
31686:S 13 Jul 11:44:42.324 . Unrecognized RDB AUX field: 'ctime'
31686:S 13 Jul 11:44:42.324 . Unrecognized RDB AUX field: 'used-mem'
31686:S 13 Jul 11:44:42.324 . Unrecognized RDB AUX field: 'aof-preamble'
31686:S 13 Jul 11:44:42.324 * DB loaded from disk: 0.000 seconds
31686:S 13 Jul 11:44:42.324 * Before turning into a slave, using my master parameters to synthesize a cached master: I may be able to synchronize with the new master with just a partial transfer.
31686:S 13 Jul 11:44:42.324 * Ready to accept connections
31686:S 13 Jul 11:44:42.324 - 0 clients connected (0 slaves), 496176 bytes in use
31686:S 13 Jul 11:44:42.324 * Connecting to MASTER 127.0.0.1:6382
31686:S 13 Jul 11:44:42.324 * MASTER <-> SLAVE sync started
31686:S 13 Jul 11:44:42.324 * Non blocking connect for SYNC fired the event.
31686:S 13 Jul 11:44:42.325 * Master replied to PING, replication can continue...
31686:S 13 Jul 11:44:42.325 * Trying a partial resynchronization (request ca339e621bed444ea32c9840b6ca98666e76b9a4:1).
31686:S 13 Jul 11:44:42.326 * Full resync from master: a6798563a0b46480dd57126e2f13fa3ecf756525:0
31686:S 13 Jul 11:44:42.326 * Discarding previously cached master state.
31686:S 13 Jul 11:44:42.353 - Accepted 127.0.0.1:55390
31686:S 13 Jul 11:44:42.353 - Accepted 127.0.0.1:55392
31686:S 13 Jul 11:44:42.353 - Accepted 127.0.0.1:55412
31686:S 13 Jul 11:44:42.353 - Accepted 127.0.0.1:55414
31686:S 13 Jul 11:44:42.356 - Accepted 127.0.0.1:55444
31686:S 13 Jul 11:44:42.356 - Accepted 127.0.0.1:55446
31686:S 13 Jul 11:44:42.519 * MASTER <-> SLAVE sync: receiving 175 bytes from master
31686:S 13 Jul 11:44:42.519 * MASTER <-> SLAVE sync: Flushing old data
31686:S 13 Jul 11:44:42.519 * MASTER <-> SLAVE sync: Loading DB in memory
31686:S 13 Jul 11:44:42.519 . Unrecognized RDB AUX field: 'redis-ver'
31686:S 13 Jul 11:44:42.519 . Unrecognized RDB AUX field: 'redis-bits'
31686:S 13 Jul 11:44:42.519 . Unrecognized RDB AUX field: 'ctime'
31686:S 13 Jul 11:44:42.519 . Unrecognized RDB AUX field: 'used-mem'
31686:S 13 Jul 11:44:42.519 . Unrecognized RDB AUX field: 'aof-preamble'
31686:S 13 Jul 11:44:42.519 * MASTER <-> SLAVE sync: Finished with success
31686:S 13 Jul 11:44:47.333 - 7 clients connected (0 slaves), 1670192 bytes in use
31686:S 13 Jul 11:44:52.344 - 7 clients connected (0 slaves), 1707024 bytes in use
31686:S 13 Jul 11:44:57.353 - 7 clients connected (0 slaves), 1670192 bytes in use
31686:S 13 Jul 11:45:02.364 - 7 clients connected (0 slaves), 1707024 bytes in use
31686:S 13 Jul 11:45:07.375 - 7 clients connected (0 slaves), 1707072 bytes in use
31686:S 13 Jul 11:45:12.390 - 7 clients connected (0 slaves), 1743880 bytes in use
31686:S 13 Jul 11:45:17.399 - 7 clients connected (0 slaves), 1670264 bytes in use
31686:S 13 Jul 11:45:22.410 - 7 clients connected (0 slaves), 1707024 bytes in use
31686:S 13 Jul 11:45:27.423 - 7 clients connected (0 slaves), 1707120 bytes in use
31686:S 13 Jul 11:45:32.433 - 7 clients connected (0 slaves), 1743880 bytes in use
31686:S 13 Jul 11:45:37.445 - 7 clients connected (0 slaves), 1780784 bytes in use
31686:S 13 Jul 11:45:42.457 - 7 clients connected (0 slaves), 1743928 bytes in use
31686:S 13 Jul 11:45:47.470 - 7 clients connected (0 slaves), 1707048 bytes in use
31686:S 13 Jul 11:45:52.481 - 7 clients connected (0 slaves), 1707096 bytes in use
31686:S 13 Jul 11:45:57.494 - 7 clients connected (0 slaves), 1670192 bytes in use
31686:S 13 Jul 11:46:02.510 - 7 clients connected (0 slaves), 1707048 bytes in use
31686:S 13 Jul 11:46:07.522 - 7 clients connected (0 slaves), 1670216 bytes in use
31686:signal-handler (1531453569) Received SIGTERM scheduling shutdown...
31686:S 13 Jul 11:46:09.513 - Client closed connection
31686:S 13 Jul 11:46:09.514 # Connection with master lost.
31686:S 13 Jul 11:46:09.514 * Caching the disconnected master state.
31686:S 13 Jul 11:46:09.521 - Client closed connection
31686:S 13 Jul 11:46:09.521 - Client closed connection
31686:S 13 Jul 11:46:09.526 # User requested shutdown...
31686:S 13 Jul 11:46:09.526 * Removing the pid file.
31686:S 13 Jul 11:46:09.526 # Redis is now ready to exit, bye bye...
12728:C 13 Jul 11:53:02.022 # oO0OoO0OoO0Oo Redis is starting oO0OoO0OoO0Oo
12728:C 13 Jul 11:53:02.022 # Redis version=4.0.9, bits=64, commit=00000000, modified=0, pid=12728, just started
12728:C 13 Jul 11:53:02.022 # Configuration loaded
12729:S 13 Jul 11:53:02.023 # You requested maxclients of 10000 requiring at least 10032 max file descriptors.
12729:S 13 Jul 11:53:02.023 # Server can't set maximum open files to 10032 because of OS error: Operation not permitted.
12729:S 13 Jul 11:53:02.023 # Current maximum open files is 4096. maxclients has been reduced to 4064 to compensate for low ulimit. If you need higher maxclients increase 'ulimit -n'.
12729:S 13 Jul 11:53:02.024 * Running mode=standalone, port=6384.
12729:S 13 Jul 11:53:02.024 # WARNING: The TCP backlog setting of 511 cannot be enforced because /proc/sys/net/core/somaxconn is set to the lower value of 128.
12729:S 13 Jul 11:53:02.024 # Server initialized
12729:S 13 Jul 11:53:02.024 # WARNING overcommit_memory is set to 0! Background save may fail under low memory condition. To fix this issue add 'vm.overcommit_memory = 1' to /etc/sysctl.conf and then reboot or run the command 'sysctl vm.overcommit_memory=1' for this to take effect.
12729:S 13 Jul 11:53:02.024 # WARNING you have Transparent Huge Pages (THP) support enabled in your kernel. This will create latency and memory usage issues with Redis. To fix this issue run the command 'echo never > /sys/kernel/mm/transparent_hugepage/enabled' as root, and add it to your /etc/rc.local in order to retain the setting after a reboot. Redis must be restarted after THP is disabled.
12729:S 13 Jul 11:53:02.024 . Unrecognized RDB AUX field: 'redis-ver'
12729:S 13 Jul 11:53:02.024 . Unrecognized RDB AUX field: 'redis-bits'
12729:S 13 Jul 11:53:02.024 . Unrecognized RDB AUX field: 'ctime'
12729:S 13 Jul 11:53:02.024 . Unrecognized RDB AUX field: 'used-mem'
12729:S 13 Jul 11:53:02.024 . Unrecognized RDB AUX field: 'aof-preamble'
12729:S 13 Jul 11:53:02.024 * DB loaded from disk: 0.000 seconds
12729:S 13 Jul 11:53:02.024 * Before turning into a slave, using my master parameters to synthesize a cached master: I may be able to synchronize with the new master with just a partial transfer.
12729:S 13 Jul 11:53:02.024 * Ready to accept connections
12729:S 13 Jul 11:53:02.024 - 0 clients connected (0 slaves), 496176 bytes in use
12729:S 13 Jul 11:53:02.024 * Connecting to MASTER 127.0.0.1:6382
12729:S 13 Jul 11:53:02.024 * MASTER <-> SLAVE sync started
12729:S 13 Jul 11:53:02.024 * Non blocking connect for SYNC fired the event.
12729:S 13 Jul 11:53:02.030 * Master replied to PING, replication can continue...
12729:S 13 Jul 11:53:02.033 * Trying a partial resynchronization (request 251e3c43d4b7a87a17d26d399241e16475f0b869:1).
12729:S 13 Jul 11:53:02.037 * Full resync from master: b6adc3cca4de8b8f3f906e8f468172adf5d1d1c7:0
12729:S 13 Jul 11:53:02.037 * Discarding previously cached master state.
12729:S 13 Jul 11:53:02.045 - Accepted 127.0.0.1:55552
12729:S 13 Jul 11:53:02.045 - Accepted 127.0.0.1:55554
12729:S 13 Jul 11:53:02.050 - Accepted 127.0.0.1:55576
12729:S 13 Jul 11:53:02.050 - Accepted 127.0.0.1:55578
12729:S 13 Jul 11:53:02.051 - Accepted 127.0.0.1:55620
12729:S 13 Jul 11:53:02.051 - Accepted 127.0.0.1:55622
12729:S 13 Jul 11:53:02.120 * MASTER <-> SLAVE sync: receiving 175 bytes from master
12729:S 13 Jul 11:53:02.120 * MASTER <-> SLAVE sync: Flushing old data
12729:S 13 Jul 11:53:02.120 * MASTER <-> SLAVE sync: Loading DB in memory
12729:S 13 Jul 11:53:02.120 . Unrecognized RDB AUX field: 'redis-ver'
12729:S 13 Jul 11:53:02.120 . Unrecognized RDB AUX field: 'redis-bits'
12729:S 13 Jul 11:53:02.121 . Unrecognized RDB AUX field: 'ctime'
12729:S 13 Jul 11:53:02.121 . Unrecognized RDB AUX field: 'used-mem'
12729:S 13 Jul 11:53:02.121 . Unrecognized RDB AUX field: 'aof-preamble'
12729:S 13 Jul 11:53:02.121 * MASTER <-> SLAVE sync: Finished with success
12729:S 13 Jul 11:53:07.035 - 7 clients connected (0 slaves), 1670192 bytes in use
12729:S 13 Jul 11:53:12.043 - 7 clients connected (0 slaves), 1670192 bytes in use
12729:signal-handler (1531453996) Received SIGTERM scheduling shutdown...
12729:S 13 Jul 11:53:16.249 - Client closed connection
12729:S 13 Jul 11:53:16.249 - Client closed connection
12729:S 13 Jul 11:53:16.251 # User requested shutdown...
12729:S 13 Jul 11:53:16.251 * Removing the pid file.
12729:S 13 Jul 11:53:16.251 # Redis is now ready to exit, bye bye...
2412:C 13 Jul 13:02:35.863 # oO0OoO0OoO0Oo Redis is starting oO0OoO0OoO0Oo
2412:C 13 Jul 13:02:35.863 # Redis version=4.0.9, bits=64, commit=00000000, modified=0, pid=2412, just started
2412:C 13 Jul 13:02:35.863 # Configuration loaded
2433:S 13 Jul 13:02:35.865 # You requested maxclients of 10000 requiring at least 10032 max file descriptors.
2433:S 13 Jul 13:02:35.865 # Server can't set maximum open files to 10032 because of OS error: Operation not permitted.
2433:S 13 Jul 13:02:35.865 # Current maximum open files is 4096. maxclients has been reduced to 4064 to compensate for low ulimit. If you need higher maxclients increase 'ulimit -n'.
2433:S 13 Jul 13:02:35.866 * Running mode=standalone, port=6384.
2433:S 13 Jul 13:02:35.866 # WARNING: The TCP backlog setting of 511 cannot be enforced because /proc/sys/net/core/somaxconn is set to the lower value of 128.
2433:S 13 Jul 13:02:35.866 # Server initialized
2433:S 13 Jul 13:02:35.866 # WARNING overcommit_memory is set to 0! Background save may fail under low memory condition. To fix this issue add 'vm.overcommit_memory = 1' to /etc/sysctl.conf and then reboot or run the command 'sysctl vm.overcommit_memory=1' for this to take effect.
2433:S 13 Jul 13:02:35.866 # WARNING you have Transparent Huge Pages (THP) support enabled in your kernel. This will create latency and memory usage issues with Redis. To fix this issue run the command 'echo never > /sys/kernel/mm/transparent_hugepage/enabled' as root, and add it to your /etc/rc.local in order to retain the setting after a reboot. Redis must be restarted after THP is disabled.
2433:S 13 Jul 13:02:35.866 . Unrecognized RDB AUX field: 'redis-ver'
2433:S 13 Jul 13:02:35.866 . Unrecognized RDB AUX field: 'redis-bits'
2433:S 13 Jul 13:02:35.866 . Unrecognized RDB AUX field: 'ctime'
2433:S 13 Jul 13:02:35.866 . Unrecognized RDB AUX field: 'used-mem'
2433:S 13 Jul 13:02:35.866 . Unrecognized RDB AUX field: 'aof-preamble'
2433:S 13 Jul 13:02:35.866 * DB loaded from disk: 0.000 seconds
2433:S 13 Jul 13:02:35.866 * Before turning into a slave, using my master parameters to synthesize a cached master: I may be able to synchronize with the new master with just a partial transfer.
2433:S 13 Jul 13:02:35.866 * Ready to accept connections
2433:S 13 Jul 13:02:35.866 - 0 clients connected (0 slaves), 496176 bytes in use
2433:S 13 Jul 13:02:35.866 * Connecting to MASTER 127.0.0.1:6382
2433:S 13 Jul 13:02:35.866 * MASTER <-> SLAVE sync started
2433:S 13 Jul 13:02:35.866 * Non blocking connect for SYNC fired the event.
2433:S 13 Jul 13:02:35.867 * Master replied to PING, replication can continue...
2433:S 13 Jul 13:02:35.874 * Trying a partial resynchronization (request 9c3dea3fa41e60be68b5b3a535d3c3c26198c05e:1).
2433:S 13 Jul 13:02:35.874 * Full resync from master: 94dfbee742d13d7494d950df9c035287f10d1bc4:0
2433:S 13 Jul 13:02:35.874 * Discarding previously cached master state.
2433:S 13 Jul 13:02:35.888 - Accepted 127.0.0.1:56620
2433:S 13 Jul 13:02:35.888 - Accepted 127.0.0.1:56622
2433:S 13 Jul 13:02:35.891 - Accepted 127.0.0.1:56628
2433:S 13 Jul 13:02:35.891 - Accepted 127.0.0.1:56630
2433:S 13 Jul 13:02:35.891 - Accepted 127.0.0.1:56676
2433:S 13 Jul 13:02:35.891 - Accepted 127.0.0.1:56678
2433:S 13 Jul 13:02:35.958 * MASTER <-> SLAVE sync: receiving 175 bytes from master
2433:S 13 Jul 13:02:35.958 * MASTER <-> SLAVE sync: Flushing old data
2433:S 13 Jul 13:02:35.958 * MASTER <-> SLAVE sync: Loading DB in memory
2433:S 13 Jul 13:02:35.958 . Unrecognized RDB AUX field: 'redis-ver'
2433:S 13 Jul 13:02:35.958 . Unrecognized RDB AUX field: 'redis-bits'
2433:S 13 Jul 13:02:35.958 . Unrecognized RDB AUX field: 'ctime'
2433:S 13 Jul 13:02:35.958 . Unrecognized RDB AUX field: 'used-mem'
2433:S 13 Jul 13:02:35.958 . Unrecognized RDB AUX field: 'aof-preamble'
2433:S 13 Jul 13:02:35.958 * MASTER <-> SLAVE sync: Finished with success
2433:S 13 Jul 13:02:40.877 - 7 clients connected (0 slaves), 1670192 bytes in use
2433:signal-handler (1531458162) Received SIGTERM scheduling shutdown...
2433:S 13 Jul 13:02:42.971 - Client closed connection
2433:S 13 Jul 13:02:42.971 # Connection with master lost.
2433:S 13 Jul 13:02:42.971 * Caching the disconnected master state.
2433:S 13 Jul 13:02:42.975 - Client closed connection
2433:S 13 Jul 13:02:42.975 - Client closed connection
2433:S 13 Jul 13:02:42.981 # User requested shutdown...
2433:S 13 Jul 13:02:42.981 * Removing the pid file.
2433:S 13 Jul 13:02:42.981 # Redis is now ready to exit, bye bye...
