31645:C 13 Jul 11:44:42.299 # oO0OoO0OoO0Oo Redis is starting oO0OoO0OoO0Oo
31645:C 13 Jul 11:44:42.300 # Redis version=4.0.9, bits=64, commit=00000000, modified=0, pid=31645, just started
31645:C 13 Jul 11:44:42.300 # Configuration loaded
31649:S 13 Jul 11:44:42.302 * Increased maximum number of open files to 4096 (it was originally set to 1024).
31649:S 13 Jul 11:44:42.303 * Running mode=standalone, port=6379.
31649:S 13 Jul 11:44:42.303 # WARNING: The TCP backlog setting of 511 cannot be enforced because /proc/sys/net/core/somaxconn is set to the lower value of 128.
31649:S 13 Jul 11:44:42.303 # Server initialized
31649:S 13 Jul 11:44:42.303 # WARNING overcommit_memory is set to 0! Background save may fail under low memory condition. To fix this issue add 'vm.overcommit_memory = 1' to /etc/sysctl.conf and then reboot or run the command 'sysctl vm.overcommit_memory=1' for this to take effect.
31649:S 13 Jul 11:44:42.304 # WARNING you have Transparent Huge Pages (THP) support enabled in your kernel. This will create latency and memory usage issues with Redis. To fix this issue run the command 'echo never > /sys/kernel/mm/transparent_hugepage/enabled' as root, and add it to your /etc/rc.local in order to retain the setting after a reboot. Redis must be restarted after THP is disabled.
31649:S 13 Jul 11:44:42.304 . Unrecognized RDB AUX field: 'redis-ver'
31649:S 13 Jul 11:44:42.304 . Unrecognized RDB AUX field: 'redis-bits'
31649:S 13 Jul 11:44:42.304 . Unrecognized RDB AUX field: 'ctime'
31649:S 13 Jul 11:44:42.304 . Unrecognized RDB AUX field: 'used-mem'
31649:S 13 Jul 11:44:42.304 . Unrecognized RDB AUX field: 'aof-preamble'
31649:S 13 Jul 11:44:42.304 * DB loaded from disk: 0.000 seconds
31649:S 13 Jul 11:44:42.304 * Before turning into a slave, using my master parameters to synthesize a cached master: I may be able to synchronize with the new master with just a partial transfer.
31649:S 13 Jul 11:44:42.304 * Ready to accept connections
31649:S 13 Jul 11:44:42.304 - 0 clients connected (0 slaves), 496176 bytes in use
31649:S 13 Jul 11:44:42.304 * Connecting to MASTER 127.0.0.1:6381
31649:S 13 Jul 11:44:42.304 * MASTER <-> SLAVE sync started
31649:S 13 Jul 11:44:42.304 # Error condition on socket for SYNC: Connection refused
31649:S 13 Jul 11:44:42.353 - Accepted 127.0.0.1:50974
31649:S 13 Jul 11:44:42.353 - Accepted 127.0.0.1:50976
31649:S 13 Jul 11:44:42.353 - Accepted 127.0.0.1:50998
31649:S 13 Jul 11:44:42.353 - Accepted 127.0.0.1:51000
31649:S 13 Jul 11:44:42.356 - Accepted 127.0.0.1:51030
31649:S 13 Jul 11:44:42.356 - Accepted 127.0.0.1:51032
31649:S 13 Jul 11:44:43.306 * Connecting to MASTER 127.0.0.1:6381
31649:S 13 Jul 11:44:43.307 * MASTER <-> SLAVE sync started
31649:S 13 Jul 11:44:43.307 * Non blocking connect for SYNC fired the event.
31649:S 13 Jul 11:44:43.307 * Master replied to PING, replication can continue...
31649:S 13 Jul 11:44:43.308 * Trying a partial resynchronization (request ca339e621bed444ea32c9840b6ca98666e76b9a4:1).
31649:S 13 Jul 11:44:43.308 * Full resync from master: 251e3c43d4b7a87a17d26d399241e16475f0b869:0
31649:S 13 Jul 11:44:43.309 * Discarding previously cached master state.
31649:S 13 Jul 11:44:43.417 * MASTER <-> SLAVE sync: receiving 175 bytes from master
31649:S 13 Jul 11:44:43.417 * MASTER <-> SLAVE sync: Flushing old data
31649:S 13 Jul 11:44:43.417 * MASTER <-> SLAVE sync: Loading DB in memory
31649:S 13 Jul 11:44:43.417 . Unrecognized RDB AUX field: 'redis-ver'
31649:S 13 Jul 11:44:43.417 . Unrecognized RDB AUX field: 'redis-bits'
31649:S 13 Jul 11:44:43.417 . Unrecognized RDB AUX field: 'ctime'
31649:S 13 Jul 11:44:43.417 . Unrecognized RDB AUX field: 'used-mem'
31649:S 13 Jul 11:44:43.417 . Unrecognized RDB AUX field: 'aof-preamble'
31649:S 13 Jul 11:44:43.417 * MASTER <-> SLAVE sync: Finished with success
31649:S 13 Jul 11:44:47.316 - 7 clients connected (0 slaves), 1670192 bytes in use
31649:S 13 Jul 11:44:52.328 - 7 clients connected (0 slaves), 1670192 bytes in use
31649:S 13 Jul 11:44:57.339 - 7 clients connected (0 slaves), 1670192 bytes in use
31649:S 13 Jul 11:45:02.348 - 7 clients connected (0 slaves), 1707048 bytes in use
31649:S 13 Jul 11:45:07.357 - 7 clients connected (0 slaves), 1707096 bytes in use
31649:S 13 Jul 11:45:12.367 - 7 clients connected (0 slaves), 1670192 bytes in use
31649:S 13 Jul 11:45:17.375 - 7 clients connected (0 slaves), 1670264 bytes in use
31649:S 13 Jul 11:45:22.385 - 7 clients connected (0 slaves), 1670192 bytes in use
31649:S 13 Jul 11:45:27.399 - 7 clients connected (0 slaves), 1707120 bytes in use
31649:S 13 Jul 11:45:32.411 - 7 clients connected (0 slaves), 1743904 bytes in use
31649:S 13 Jul 11:45:37.421 - 7 clients connected (0 slaves), 1743928 bytes in use
31649:S 13 Jul 11:45:42.434 - 7 clients connected (0 slaves), 1707072 bytes in use
31649:S 13 Jul 11:45:47.444 - 7 clients connected (0 slaves), 1670192 bytes in use
31649:S 13 Jul 11:45:52.455 - 7 clients connected (0 slaves), 1670240 bytes in use
31649:S 13 Jul 11:45:57.467 - 7 clients connected (0 slaves), 1707048 bytes in use
31649:S 13 Jul 11:46:02.480 - 7 clients connected (0 slaves), 1707072 bytes in use
31649:S 13 Jul 11:46:07.493 - 7 clients connected (0 slaves), 1670216 bytes in use
31649:signal-handler (1531453569) Received SIGTERM scheduling shutdown...
31649:S 13 Jul 11:46:09.497 # User requested shutdown...
31649:S 13 Jul 11:46:09.497 * Removing the pid file.
31649:S 13 Jul 11:46:09.497 # Redis is now ready to exit, bye bye...
12684:C 13 Jul 11:53:01.996 # oO0OoO0OoO0Oo Redis is starting oO0OoO0OoO0Oo
12684:C 13 Jul 11:53:01.996 # Redis version=4.0.9, bits=64, commit=00000000, modified=0, pid=12684, just started
12684:C 13 Jul 11:53:01.996 # Configuration loaded
12689:S 13 Jul 11:53:01.999 * Increased maximum number of open files to 4096 (it was originally set to 1024).
12689:S 13 Jul 11:53:02.000 * Running mode=standalone, port=6379.
12689:S 13 Jul 11:53:02.000 # WARNING: The TCP backlog setting of 511 cannot be enforced because /proc/sys/net/core/somaxconn is set to the lower value of 128.
12689:S 13 Jul 11:53:02.000 # Server initialized
12689:S 13 Jul 11:53:02.000 # WARNING overcommit_memory is set to 0! Background save may fail under low memory condition. To fix this issue add 'vm.overcommit_memory = 1' to /etc/sysctl.conf and then reboot or run the command 'sysctl vm.overcommit_memory=1' for this to take effect.
12689:S 13 Jul 11:53:02.000 # WARNING you have Transparent Huge Pages (THP) support enabled in your kernel. This will create latency and memory usage issues with Redis. To fix this issue run the command 'echo never > /sys/kernel/mm/transparent_hugepage/enabled' as root, and add it to your /etc/rc.local in order to retain the setting after a reboot. Redis must be restarted after THP is disabled.
12689:S 13 Jul 11:53:02.000 . Unrecognized RDB AUX field: 'redis-ver'
12689:S 13 Jul 11:53:02.000 . Unrecognized RDB AUX field: 'redis-bits'
12689:S 13 Jul 11:53:02.000 . Unrecognized RDB AUX field: 'ctime'
12689:S 13 Jul 11:53:02.000 . Unrecognized RDB AUX field: 'used-mem'
12689:S 13 Jul 11:53:02.000 . Unrecognized RDB AUX field: 'aof-preamble'
12689:S 13 Jul 11:53:02.000 * DB loaded from disk: 0.000 seconds
12689:S 13 Jul 11:53:02.000 * Before turning into a slave, using my master parameters to synthesize a cached master: I may be able to synchronize with the new master with just a partial transfer.
12689:S 13 Jul 11:53:02.000 * Ready to accept connections
12689:S 13 Jul 11:53:02.001 - 0 clients connected (0 slaves), 496176 bytes in use
12689:S 13 Jul 11:53:02.001 * Connecting to MASTER 127.0.0.1:6381
12689:S 13 Jul 11:53:02.001 * MASTER <-> SLAVE sync started
12689:S 13 Jul 11:53:02.001 # Error condition on socket for SYNC: Connection refused
12689:S 13 Jul 11:53:02.045 - Accepted 127.0.0.1:51170
12689:S 13 Jul 11:53:02.045 - Accepted 127.0.0.1:51172
12689:S 13 Jul 11:53:02.049 - Accepted 127.0.0.1:51194
12689:S 13 Jul 11:53:02.049 - Accepted 127.0.0.1:51196
12689:S 13 Jul 11:53:02.051 - Accepted 127.0.0.1:51206
12689:S 13 Jul 11:53:02.051 - Accepted 127.0.0.1:51208
12689:S 13 Jul 11:53:03.003 * Connecting to MASTER 127.0.0.1:6381
12689:S 13 Jul 11:53:03.003 * MASTER <-> SLAVE sync started
12689:S 13 Jul 11:53:03.003 * Non blocking connect for SYNC fired the event.
12689:S 13 Jul 11:53:03.004 * Master replied to PING, replication can continue...
12689:S 13 Jul 11:53:03.004 * Trying a partial resynchronization (request 251e3c43d4b7a87a17d26d399241e16475f0b869:1).
12689:S 13 Jul 11:53:03.005 * Full resync from master: 9c3dea3fa41e60be68b5b3a535d3c3c26198c05e:0
12689:S 13 Jul 11:53:03.005 * Discarding previously cached master state.
12689:S 13 Jul 11:53:03.115 * MASTER <-> SLAVE sync: receiving 175 bytes from master
12689:S 13 Jul 11:53:03.115 * MASTER <-> SLAVE sync: Flushing old data
12689:S 13 Jul 11:53:03.115 * MASTER <-> SLAVE sync: Loading DB in memory
12689:S 13 Jul 11:53:03.116 . Unrecognized RDB AUX field: 'redis-ver'
12689:S 13 Jul 11:53:03.116 . Unrecognized RDB AUX field: 'redis-bits'
12689:S 13 Jul 11:53:03.116 . Unrecognized RDB AUX field: 'ctime'
12689:S 13 Jul 11:53:03.116 . Unrecognized RDB AUX field: 'used-mem'
12689:S 13 Jul 11:53:03.116 . Unrecognized RDB AUX field: 'aof-preamble'
12689:S 13 Jul 11:53:03.116 * MASTER <-> SLAVE sync: Finished with success
12689:S 13 Jul 11:53:07.012 - 7 clients connected (0 slaves), 1670192 bytes in use
12689:S 13 Jul 11:53:12.022 - 7 clients connected (0 slaves), 1670192 bytes in use
12689:signal-handler (1531453996) Received SIGTERM scheduling shutdown...
12689:S 13 Jul 11:53:16.230 # User requested shutdown...
12689:S 13 Jul 11:53:16.231 * Removing the pid file.
12689:S 13 Jul 11:53:16.231 # Redis is now ready to exit, bye bye...
2376:C 13 Jul 13:02:35.840 # oO0OoO0OoO0Oo Redis is starting oO0OoO0OoO0Oo
2376:C 13 Jul 13:02:35.840 # Redis version=4.0.9, bits=64, commit=00000000, modified=0, pid=2376, just started
2376:C 13 Jul 13:02:35.840 # Configuration loaded
2377:S 13 Jul 13:02:35.843 * Increased maximum number of open files to 4096 (it was originally set to 1024).
2377:S 13 Jul 13:02:35.844 * Running mode=standalone, port=6379.
2377:S 13 Jul 13:02:35.844 # WARNING: The TCP backlog setting of 511 cannot be enforced because /proc/sys/net/core/somaxconn is set to the lower value of 128.
2377:S 13 Jul 13:02:35.844 # Server initialized
2377:S 13 Jul 13:02:35.845 # WARNING overcommit_memory is set to 0! Background save may fail under low memory condition. To fix this issue add 'vm.overcommit_memory = 1' to /etc/sysctl.conf and then reboot or run the command 'sysctl vm.overcommit_memory=1' for this to take effect.
2377:S 13 Jul 13:02:35.845 # WARNING you have Transparent Huge Pages (THP) support enabled in your kernel. This will create latency and memory usage issues with Redis. To fix this issue run the command 'echo never > /sys/kernel/mm/transparent_hugepage/enabled' as root, and add it to your /etc/rc.local in order to retain the setting after a reboot. Redis must be restarted after THP is disabled.
2377:S 13 Jul 13:02:35.845 . Unrecognized RDB AUX field: 'redis-ver'
2377:S 13 Jul 13:02:35.845 . Unrecognized RDB AUX field: 'redis-bits'
2377:S 13 Jul 13:02:35.845 . Unrecognized RDB AUX field: 'ctime'
2377:S 13 Jul 13:02:35.845 . Unrecognized RDB AUX field: 'used-mem'
2377:S 13 Jul 13:02:35.845 . Unrecognized RDB AUX field: 'aof-preamble'
2377:S 13 Jul 13:02:35.845 * DB loaded from disk: 0.000 seconds
2377:S 13 Jul 13:02:35.845 * Before turning into a slave, using my master parameters to synthesize a cached master: I may be able to synchronize with the new master with just a partial transfer.
2377:S 13 Jul 13:02:35.845 * Ready to accept connections
2377:S 13 Jul 13:02:35.845 - 0 clients connected (0 slaves), 496176 bytes in use
2377:S 13 Jul 13:02:35.845 * Connecting to MASTER 127.0.0.1:6381
2377:S 13 Jul 13:02:35.845 * MASTER <-> SLAVE sync started
2377:S 13 Jul 13:02:35.845 # Error condition on socket for SYNC: Connection refused
2377:S 13 Jul 13:02:35.888 - Accepted 127.0.0.1:52206
2377:S 13 Jul 13:02:35.888 - Accepted 127.0.0.1:52208
2377:S 13 Jul 13:02:35.890 - Accepted 127.0.0.1:52246
2377:S 13 Jul 13:02:35.890 - Accepted 127.0.0.1:52248
2377:S 13 Jul 13:02:35.891 - Accepted 127.0.0.1:52258
2377:S 13 Jul 13:02:35.891 - Accepted 127.0.0.1:52260
2377:S 13 Jul 13:02:36.848 * Connecting to MASTER 127.0.0.1:6381
2377:S 13 Jul 13:02:36.848 * MASTER <-> SLAVE sync started
2377:S 13 Jul 13:02:36.848 * Non blocking connect for SYNC fired the event.
2377:S 13 Jul 13:02:36.848 * Master replied to PING, replication can continue...
2377:S 13 Jul 13:02:36.849 * Trying a partial resynchronization (request 9c3dea3fa41e60be68b5b3a535d3c3c26198c05e:1).
2377:S 13 Jul 13:02:36.850 * Full resync from master: 3834a5caafe2d144e8ebd16da704ace585f9fbf7:0
2377:S 13 Jul 13:02:36.850 * Discarding previously cached master state.
2377:S 13 Jul 13:02:36.956 * MASTER <-> SLAVE sync: receiving 175 bytes from master
2377:S 13 Jul 13:02:36.956 * MASTER <-> SLAVE sync: Flushing old data
2377:S 13 Jul 13:02:36.956 * MASTER <-> SLAVE sync: Loading DB in memory
2377:S 13 Jul 13:02:36.956 . Unrecognized RDB AUX field: 'redis-ver'
2377:S 13 Jul 13:02:36.956 . Unrecognized RDB AUX field: 'redis-bits'
2377:S 13 Jul 13:02:36.956 . Unrecognized RDB AUX field: 'ctime'
2377:S 13 Jul 13:02:36.956 . Unrecognized RDB AUX field: 'used-mem'
2377:S 13 Jul 13:02:36.956 . Unrecognized RDB AUX field: 'aof-preamble'
2377:S 13 Jul 13:02:36.957 * MASTER <-> SLAVE sync: Finished with success
2377:S 13 Jul 13:02:40.857 - 7 clients connected (0 slaves), 1670216 bytes in use
2377:signal-handler (1531458162) Received SIGTERM scheduling shutdown...
2377:S 13 Jul 13:02:42.963 # User requested shutdown...
2377:S 13 Jul 13:02:42.963 * Removing the pid file.
2377:S 13 Jul 13:02:42.963 # Redis is now ready to exit, bye bye...
